blkdev_init: data/test.img
blkdev_init: image { fd=3, size=1024 }
FUSE library version: 3.17.2
nullpath_ok: 0
unique: 2, opcode: INIT (26), nodeid: 0, insize: 104, pid: 0
INIT: 7.41
flags=0x73fffffb
max_readahead=0x00020000
fsx492_init
   INIT: 7.40
   flags=0x4040f039
   max_readahead=0x00020000
   max_write=0x00100000
   max_background=0
   congestion_threshold=0
   time_gran=1
   unique: 2, success, outsize: 80
unique: 4, opcode: GETATTR (3), nodeid: 1, insize: 56, pid: 4239
getattr[NULL] /
fsx492_getattr: /
   unique: 4, success, outsize: 120
unique: 6, opcode: OPENDIR (27), nodeid: 1, insize: 48, pid: 3113
opendir flags: 0x18800 /
fsx492_opendir: /
   opendir[94312680551280] flags: 0x18800 /
   unique: 6, success, outsize: 32
unique: 8, opcode: LOOKUP (1), nodeid: 1, insize: 55, pid: 14796
LOOKUP /weloveryan.txt
getattr[NULL] /weloveryan.txt
fsx492_getattr: /weloveryan.txt
find_entry
   unique: 8, error: -2 (No such file or directory), outsize: 16
unique: 10, opcode: CREATE (35), nodeid: 1, insize: 71, pid: 14796
   unique: 10, error: -38 (Function not implemented), outsize: 16
unique: 12, opcode: MKNOD (8), nodeid: 1, insize: 71, pid: 14796
mknod /weloveryan.txt 0100664 0x0 umask=0002
fsx492_mknod: /weloveryan.txt
find_entry
allocating inode 11
fsx492_mknod: created file 11: /weloveryan.txt
_link(name=weloveryan.txt, ino=11, dir_ino=1)
find_entry
getattr[NULL] /weloveryan.txt
fsx492_getattr: /weloveryan.txt
find_entry
   NODEID: 2
   unique: 12, success, outsize: 144
unique: 14, opcode: LOOKUP (1), nodeid: 1, insize: 57, pid: 14765
LOOKUP /.xdg-volume-info
getattr[NULL] /.xdg-volume-info
fsx492_getattr: /.xdg-volume-info
find_entry
   unique: 14, error: -2 (No such file or directory), outsize: 16
unique: 16, opcode: OPEN (14), nodeid: 2, insize: 48, pid: 14796
open flags: 0x8201 /weloveryan.txt
fsx492_open: /weloveryan.txt
find_entry
   open[94312680558768] flags: 0x8201 /weloveryan.txt
   unique: 16, success, outsize: 32
unique: 18, opcode: GETATTR (3), nodeid: 2, insize: 56, pid: 14796
getattr[NULL] /weloveryan.txt
fsx492_getattr: /weloveryan.txt
find_entry
   unique: 18, success, outsize: 120
unique: 20, opcode: LOOKUP (1), nodeid: 1, insize: 45, pid: 14764
LOOKUP /BDMV
getattr[NULL] /BDMV
fsx492_getattr: /BDMV
find_entry
   unique: 20, error: -2 (No such file or directory), outsize: 16
unique: 22, opcode: IOCTL (39), nodeid: 2, insize: 72, pid: 14796
   unique: 22, error: -38 (Function not implemented), outsize: 16
unique: 24, opcode: READDIRPLUS (44), nodeid: 1, insize: 80, pid: 3113
readdirplus[94312680551280] from 0
fsx492_readdir: /
   unique: 24, success, outsize: 1152
unique: 26, opcode: GETXATTR (22), nodeid: 2, insize: 68, pid: 14796
   unique: 26, error: -38 (Function not implemented), outsize: 16
unique: 28, opcode: READDIR (28), nodeid: 1, insize: 80, pid: 3113
   unique: 28, success, outsize: 16
unique: 30, opcode: WRITE (16), nodeid: 2, insize: 95, pid: 14796
write[94312680558768] 15 bytes to 0 flags: 0x8001
fsx492_write: /weloveryan.txt (size=15, offset=0)
allocating block 16
   write[94312680558768] 15 bytes to 0
   unique: 30, success, outsize: 24
unique: 32, opcode: LOOKUP (1), nodeid: 1, insize: 52, pid: 14766
LOOKUP /autorun.inf
getattr[NULL] /autorun.inf
fsx492_getattr: /autorun.inf
find_entry
   unique: 32, error: -2 (No such file or directory), outsize: 16
unique: 34, opcode: FLUSH (25), nodeid: 2, insize: 64, pid: 14796
   unique: 34, error: -38 (Function not implemented), outsize: 16
unique: 36, opcode: RELEASE (18), nodeid: 2, insize: 64, pid: 0
release[94312680558768] flags: 0x8001
fsx492_release: /weloveryan.txt
   unique: 36, success, outsize: 16
unique: 38, opcode: GETATTR (3), nodeid: 2, insize: 56, pid: 14796
getattr[NULL] /weloveryan.txt
fsx492_getattr: /weloveryan.txt
find_entry
   unique: 38, success, outsize: 120
unique: 40, opcode: READDIR (28), nodeid: 1, insize: 80, pid: 3113
   unique: 40, success, outsize: 16
unique: 42, opcode: RELEASEDIR (29), nodeid: 1, insize: 64, pid: 0
releasedir[94312680551280] flags: 0x0
fsx492_releasedir: /
   unique: 42, success, outsize: 16
unique: 44, opcode: OPENDIR (27), nodeid: 1, insize: 48, pid: 3113
opendir flags: 0x18800 /
fsx492_opendir: /
   opendir[94312680559360] flags: 0x18800 /
   unique: 44, success, outsize: 32
unique: 46, opcode: LOOKUP (1), nodeid: 1, insize: 57, pid: 14796
LOOKUP /somefilename.txt
getattr[NULL] /somefilename.txt
fsx492_getattr: /somefilename.txt
find_entry
   unique: 46, error: -2 (No such file or directory), outsize: 16
unique: 48, opcode: GETATTR (3), nodeid: 1, insize: 56, pid: 3113
getattr[NULL] /
fsx492_getattr: /
   unique: 48, success, outsize: 120
unique: 50, opcode: LINK (13), nodeid: 1, insize: 65, pid: 14796
link /weloveryan.txt /somefilename.txt
fsx492_link: /somefilename.txt -> /weloveryan.txt
find_entry
find_entry
_link(name=somefilename.txt, ino=11, dir_ino=1)
find_entry
SHOULD BE INCREMENTED I PRAY
3
getattr[NULL] /somefilename.txt
fsx492_getattr: /somefilename.txt
find_entry
   NODEID: 3
   unique: 50, success, outsize: 144
unique: 52, opcode: READDIRPLUS (44), nodeid: 1, insize: 80, pid: 3113
readdirplus[94312680559360] from 0
fsx492_readdir: /
   unique: 52, success, outsize: 1320
unique: 54, opcode: READDIR (28), nodeid: 1, insize: 80, pid: 3113
   unique: 54, success, outsize: 16
unique: 56, opcode: READDIR (28), nodeid: 1, insize: 80, pid: 3113
   unique: 56, success, outsize: 16
unique: 58, opcode: RELEASEDIR (29), nodeid: 1, insize: 64, pid: 0
releasedir[94312680559360] flags: 0x0
fsx492_releasedir: /
   unique: 58, success, outsize: 16
unique: 60, opcode: OPENDIR (27), nodeid: 1, insize: 48, pid: 3113
opendir flags: 0x18800 /
fsx492_opendir: /
   opendir[94312680558768] flags: 0x18800 /
   unique: 60, success, outsize: 32
unique: 62, opcode: LOOKUP (1), nodeid: 1, insize: 67, pid: 14796
LOOKUP /onemorefileforgoodluck.txt
getattr[NULL] /onemorefileforgoodluck.txt
fsx492_getattr: /onemorefileforgoodluck.txt
find_entry
   unique: 62, error: -2 (No such file or directory), outsize: 16
unique: 64, opcode: GETATTR (3), nodeid: 1, insize: 56, pid: 3113
getattr[NULL] /
fsx492_getattr: /
   unique: 64, success, outsize: 120
unique: 66, opcode: LINK (13), nodeid: 1, insize: 75, pid: 14796
link /weloveryan.txt /onemorefileforgoodluck.txt
fsx492_link: /onemorefileforgoodluck.txt -> /weloveryan.txt
find_entry
find_entry
_link(name=onemorefileforgoodluck.txt, ino=11, dir_ino=1)
find_entry
SHOULD BE INCREMENTED I PRAY
5
getattr[NULL] /onemorefileforgoodluck.txt
fsx492_getattr: /onemorefileforgoodluck.txt
find_entry
   NODEID: 4
   unique: 66, success, outsize: 144
unique: 68, opcode: READDIRPLUS (44), nodeid: 1, insize: 80, pid: 3113
readdirplus[94312680558768] from 0
fsx492_readdir: /
   unique: 68, success, outsize: 1504
unique: 70, opcode: READDIR (28), nodeid: 1, insize: 80, pid: 3113
   unique: 70, success, outsize: 16
unique: 72, opcode: READDIR (28), nodeid: 1, insize: 80, pid: 3113
   unique: 72, success, outsize: 16
unique: 74, opcode: RELEASEDIR (29), nodeid: 1, insize: 64, pid: 0
releasedir[94312680558768] flags: 0x0
fsx492_releasedir: /
   unique: 74, success, outsize: 16
unique: 76, opcode: OPENDIR (27), nodeid: 1, insize: 48, pid: 3113
opendir flags: 0x18800 /
fsx492_opendir: /
   opendir[94312680559984] flags: 0x18800 /
   unique: 76, success, outsize: 32
unique: 78, opcode: GETATTR (3), nodeid: 1, insize: 56, pid: 3113
getattr[NULL] /
fsx492_getattr: /
   unique: 78, success, outsize: 120
unique: 80, opcode: READDIRPLUS (44), nodeid: 1, insize: 80, pid: 3113
readdirplus[94312680559984] from 0
fsx492_readdir: /
   unique: 80, success, outsize: 1504
unique: 82, opcode: READDIR (28), nodeid: 1, insize: 80, pid: 3113
   unique: 82, success, outsize: 16
unique: 84, opcode: READDIR (28), nodeid: 1, insize: 80, pid: 3113
   unique: 84, success, outsize: 16
unique: 86, opcode: RELEASEDIR (29), nodeid: 1, insize: 64, pid: 0
releasedir[94312680559984] flags: 0x0
fsx492_releasedir: /
   unique: 86, success, outsize: 16
unique: 88, opcode: OPENDIR (27), nodeid: 1, insize: 48, pid: 3113
opendir flags: 0x18800 /
fsx492_opendir: /
   opendir[94312680558768] flags: 0x18800 /
   unique: 88, success, outsize: 32
unique: 90, opcode: GETATTR (3), nodeid: 1, insize: 56, pid: 3113
getattr[NULL] /
fsx492_getattr: /
   unique: 90, success, outsize: 120
unique: 92, opcode: READDIRPLUS (44), nodeid: 1, insize: 80, pid: 3113
readdirplus[94312680558768] from 0
fsx492_readdir: /
   unique: 92, success, outsize: 1504
unique: 94, opcode: READDIR (28), nodeid: 1, insize: 80, pid: 3113
   unique: 94, success, outsize: 16
unique: 96, opcode: READDIR (28), nodeid: 1, insize: 80, pid: 3113
   unique: 96, success, outsize: 16
unique: 98, opcode: RELEASEDIR (29), nodeid: 1, insize: 64, pid: 0
releasedir[94312680558768] flags: 0x0
fsx492_releasedir: /
   unique: 98, success, outsize: 16
unique: 100, opcode: OPENDIR (27), nodeid: 1, insize: 48, pid: 3113
opendir flags: 0x18800 /
fsx492_opendir: /
   opendir[94312680559984] flags: 0x18800 /
   unique: 100, success, outsize: 32
unique: 102, opcode: GETATTR (3), nodeid: 1, insize: 56, pid: 3113
getattr[NULL] /
fsx492_getattr: /
   unique: 102, success, outsize: 120
unique: 104, opcode: READDIRPLUS (44), nodeid: 1, insize: 80, pid: 3113
readdirplus[94312680559984] from 0
fsx492_readdir: /
   unique: 104, success, outsize: 1504
unique: 106, opcode: READDIR (28), nodeid: 1, insize: 80, pid: 3113
   unique: 106, success, outsize: 16
unique: 108, opcode: READDIR (28), nodeid: 1, insize: 80, pid: 3113
   unique: 108, success, outsize: 16
unique: 110, opcode: RELEASEDIR (29), nodeid: 1, insize: 64, pid: 0
releasedir[94312680559984] flags: 0x0
fsx492_releasedir: /
   unique: 110, success, outsize: 16
unique: 112, opcode: OPENDIR (27), nodeid: 1, insize: 48, pid: 3113
opendir flags: 0x18800 /
fsx492_opendir: /
   opendir[94312680558768] flags: 0x18800 /
   unique: 112, success, outsize: 32
unique: 114, opcode: GETATTR (3), nodeid: 1, insize: 56, pid: 3113
getattr[NULL] /
fsx492_getattr: /
   unique: 114, success, outsize: 120
unique: 116, opcode: READDIRPLUS (44), nodeid: 1, insize: 80, pid: 3113
readdirplus[94312680558768] from 0
fsx492_readdir: /
   unique: 116, success, outsize: 1504
unique: 118, opcode: READDIR (28), nodeid: 1, insize: 80, pid: 3113
   unique: 118, success, outsize: 16
unique: 120, opcode: READDIR (28), nodeid: 1, insize: 80, pid: 3113
   unique: 120, success, outsize: 16
unique: 122, opcode: RELEASEDIR (29), nodeid: 1, insize: 64, pid: 0
releasedir[94312680558768] flags: 0x0
fsx492_releasedir: /
   unique: 122, success, outsize: 16
unique: 124, opcode: OPENDIR (27), nodeid: 1, insize: 48, pid: 3113
opendir flags: 0x18800 /
fsx492_opendir: /
   opendir[94312680559984] flags: 0x18800 /
   unique: 124, success, outsize: 32
unique: 126, opcode: GETATTR (3), nodeid: 1, insize: 56, pid: 3113
getattr[NULL] /
fsx492_getattr: /
   unique: 126, success, outsize: 120
unique: 128, opcode: READDIRPLUS (44), nodeid: 1, insize: 80, pid: 3113
readdirplus[94312680559984] from 0
fsx492_readdir: /
   unique: 128, success, outsize: 1504
unique: 130, opcode: READDIR (28), nodeid: 1, insize: 80, pid: 3113
   unique: 130, success, outsize: 16
unique: 132, opcode: READDIR (28), nodeid: 1, insize: 80, pid: 3113
   unique: 132, success, outsize: 16
unique: 134, opcode: RELEASEDIR (29), nodeid: 1, insize: 64, pid: 0
releasedir[94312680559984] flags: 0x0
fsx492_releasedir: /
   unique: 134, success, outsize: 16
unique: 136, opcode: OPENDIR (27), nodeid: 1, insize: 48, pid: 3113
opendir flags: 0x18800 /
fsx492_opendir: /
   opendir[94312680558768] flags: 0x18800 /
   unique: 136, success, outsize: 32
unique: 138, opcode: GETATTR (3), nodeid: 1, insize: 56, pid: 3113
getattr[NULL] /
fsx492_getattr: /
   unique: 138, success, outsize: 120
unique: 140, opcode: READDIRPLUS (44), nodeid: 1, insize: 80, pid: 3113
readdirplus[94312680558768] from 0
fsx492_readdir: /
   unique: 140, success, outsize: 1504
unique: 142, opcode: READDIR (28), nodeid: 1, insize: 80, pid: 3113
   unique: 142, success, outsize: 16
unique: 144, opcode: READDIR (28), nodeid: 1, insize: 80, pid: 3113
   unique: 144, success, outsize: 16
unique: 146, opcode: RELEASEDIR (29), nodeid: 1, insize: 64, pid: 0
releasedir[94312680558768] flags: 0x0
fsx492_releasedir: /
   unique: 146, success, outsize: 16
unique: 148, opcode: OPENDIR (27), nodeid: 1, insize: 48, pid: 3113
opendir flags: 0x18800 /
fsx492_opendir: /
   opendir[94312680559984] flags: 0x18800 /
   unique: 148, success, outsize: 32
unique: 150, opcode: GETATTR (3), nodeid: 1, insize: 56, pid: 3113
getattr[NULL] /
fsx492_getattr: /
   unique: 150, success, outsize: 120
unique: 152, opcode: READDIRPLUS (44), nodeid: 1, insize: 80, pid: 3113
readdirplus[94312680559984] from 0
fsx492_readdir: /
   unique: 152, success, outsize: 1504
unique: 154, opcode: READDIR (28), nodeid: 1, insize: 80, pid: 3113
   unique: 154, success, outsize: 16
unique: 156, opcode: READDIR (28), nodeid: 1, insize: 80, pid: 3113
   unique: 156, success, outsize: 16
unique: 158, opcode: RELEASEDIR (29), nodeid: 1, insize: 64, pid: 0
releasedir[94312680559984] flags: 0x0
fsx492_releasedir: /
   unique: 158, success, outsize: 16
unique: 160, opcode: OPENDIR (27), nodeid: 1, insize: 48, pid: 3113
opendir flags: 0x18800 /
fsx492_opendir: /
   opendir[94312680558768] flags: 0x18800 /
   unique: 160, success, outsize: 32
unique: 162, opcode: GETATTR (3), nodeid: 1, insize: 56, pid: 3113
getattr[NULL] /
fsx492_getattr: /
   unique: 162, success, outsize: 120
unique: 164, opcode: READDIRPLUS (44), nodeid: 1, insize: 80, pid: 3113
readdirplus[94312680558768] from 0
fsx492_readdir: /
   unique: 164, success, outsize: 1504
unique: 166, opcode: READDIR (28), nodeid: 1, insize: 80, pid: 3113
   unique: 166, success, outsize: 16
unique: 168, opcode: READDIR (28), nodeid: 1, insize: 80, pid: 3113
   unique: 168, success, outsize: 16
unique: 170, opcode: RELEASEDIR (29), nodeid: 1, insize: 64, pid: 0
releasedir[94312680558768] flags: 0x0
fsx492_releasedir: /
   unique: 170, success, outsize: 16
unique: 172, opcode: OPENDIR (27), nodeid: 1, insize: 48, pid: 3113
opendir flags: 0x18800 /
fsx492_opendir: /
   opendir[94312680559984] flags: 0x18800 /
   unique: 172, success, outsize: 32
unique: 174, opcode: GETATTR (3), nodeid: 1, insize: 56, pid: 3113
getattr[NULL] /
fsx492_getattr: /
   unique: 174, success, outsize: 120
unique: 176, opcode: READDIRPLUS (44), nodeid: 1, insize: 80, pid: 3113
readdirplus[94312680559984] from 0
fsx492_readdir: /
   unique: 176, success, outsize: 1504
unique: 178, opcode: READDIR (28), nodeid: 1, insize: 80, pid: 3113
   unique: 178, success, outsize: 16
unique: 180, opcode: READDIR (28), nodeid: 1, insize: 80, pid: 3113
   unique: 180, success, outsize: 16
unique: 182, opcode: RELEASEDIR (29), nodeid: 1, insize: 64, pid: 0
releasedir[94312680559984] flags: 0x0
fsx492_releasedir: /
   unique: 182, success, outsize: 16
unique: 184, opcode: OPENDIR (27), nodeid: 1, insize: 48, pid: 3113
opendir flags: 0x18800 /
fsx492_opendir: /
   opendir[94312680558768] flags: 0x18800 /
   unique: 184, success, outsize: 32
unique: 186, opcode: GETATTR (3), nodeid: 1, insize: 56, pid: 3113
getattr[NULL] /
fsx492_getattr: /
   unique: 186, success, outsize: 120
unique: 188, opcode: READDIRPLUS (44), nodeid: 1, insize: 80, pid: 3113
readdirplus[94312680558768] from 0
fsx492_readdir: /
   unique: 188, success, outsize: 1504
unique: 190, opcode: READDIR (28), nodeid: 1, insize: 80, pid: 3113
   unique: 190, success, outsize: 16
unique: 192, opcode: READDIR (28), nodeid: 1, insize: 80, pid: 3113
   unique: 192, success, outsize: 16
unique: 194, opcode: RELEASEDIR (29), nodeid: 1, insize: 64, pid: 0
releasedir[94312680558768] flags: 0x0
fsx492_releasedir: /
   unique: 194, success, outsize: 16
unique: 196, opcode: OPENDIR (27), nodeid: 1, insize: 48, pid: 3113
opendir flags: 0x18800 /
fsx492_opendir: /
   opendir[94312680559984] flags: 0x18800 /
   unique: 196, success, outsize: 32
unique: 198, opcode: GETATTR (3), nodeid: 1, insize: 56, pid: 3113
getattr[NULL] /
fsx492_getattr: /
   unique: 198, success, outsize: 120
unique: 200, opcode: READDIRPLUS (44), nodeid: 1, insize: 80, pid: 3113
readdirplus[94312680559984] from 0
fsx492_readdir: /
   unique: 200, success, outsize: 1504
unique: 202, opcode: READDIR (28), nodeid: 1, insize: 80, pid: 3113
   unique: 202, success, outsize: 16
unique: 204, opcode: READDIR (28), nodeid: 1, insize: 80, pid: 3113
   unique: 204, success, outsize: 16
unique: 206, opcode: RELEASEDIR (29), nodeid: 1, insize: 64, pid: 0
releasedir[94312680559984] flags: 0x0
fsx492_releasedir: /
   unique: 206, success, outsize: 16
unique: 208, opcode: OPENDIR (27), nodeid: 1, insize: 48, pid: 3113
opendir flags: 0x18800 /
fsx492_opendir: /
   opendir[94312680558768] flags: 0x18800 /
   unique: 208, success, outsize: 32
unique: 210, opcode: GETATTR (3), nodeid: 1, insize: 56, pid: 3113
getattr[NULL] /
fsx492_getattr: /
   unique: 210, success, outsize: 120
unique: 212, opcode: READDIRPLUS (44), nodeid: 1, insize: 80, pid: 3113
readdirplus[94312680558768] from 0
fsx492_readdir: /
   unique: 212, success, outsize: 1504
unique: 214, opcode: READDIR (28), nodeid: 1, insize: 80, pid: 3113
   unique: 214, success, outsize: 16
unique: 216, opcode: READDIR (28), nodeid: 1, insize: 80, pid: 3113
   unique: 216, success, outsize: 16
unique: 218, opcode: RELEASEDIR (29), nodeid: 1, insize: 64, pid: 0
releasedir[94312680558768] flags: 0x0
fsx492_releasedir: /
   unique: 218, success, outsize: 16
unique: 220, opcode: OPENDIR (27), nodeid: 1, insize: 48, pid: 3113
opendir flags: 0x18800 /
fsx492_opendir: /
   opendir[94312680559984] flags: 0x18800 /
   unique: 220, success, outsize: 32
unique: 222, opcode: GETATTR (3), nodeid: 1, insize: 56, pid: 3113
getattr[NULL] /
fsx492_getattr: /
   unique: 222, success, outsize: 120
unique: 224, opcode: READDIRPLUS (44), nodeid: 1, insize: 80, pid: 3113
readdirplus[94312680559984] from 0
fsx492_readdir: /
   unique: 224, success, outsize: 1504
unique: 226, opcode: READDIR (28), nodeid: 1, insize: 80, pid: 3113
   unique: 226, success, outsize: 16
unique: 228, opcode: READDIR (28), nodeid: 1, insize: 80, pid: 3113
   unique: 228, success, outsize: 16
unique: 230, opcode: RELEASEDIR (29), nodeid: 1, insize: 64, pid: 0
releasedir[94312680559984] flags: 0x0
fsx492_releasedir: /
   unique: 230, success, outsize: 16
unique: 232, opcode: OPENDIR (27), nodeid: 1, insize: 48, pid: 3113
opendir flags: 0x18800 /
fsx492_opendir: /
   opendir[94312680558768] flags: 0x18800 /
   unique: 232, success, outsize: 32
unique: 234, opcode: GETATTR (3), nodeid: 1, insize: 56, pid: 3113
getattr[NULL] /
fsx492_getattr: /
   unique: 234, success, outsize: 120
unique: 236, opcode: READDIRPLUS (44), nodeid: 1, insize: 80, pid: 3113
readdirplus[94312680558768] from 0
fsx492_readdir: /
   unique: 236, success, outsize: 1504
unique: 238, opcode: READDIR (28), nodeid: 1, insize: 80, pid: 3113
   unique: 238, success, outsize: 16
unique: 240, opcode: READDIR (28), nodeid: 1, insize: 80, pid: 3113
   unique: 240, success, outsize: 16
unique: 242, opcode: RELEASEDIR (29), nodeid: 1, insize: 64, pid: 0
releasedir[94312680558768] flags: 0x0
fsx492_releasedir: /
   unique: 242, success, outsize: 16
unique: 244, opcode: OPENDIR (27), nodeid: 1, insize: 48, pid: 3113
opendir flags: 0x18800 /
fsx492_opendir: /
   opendir[94312680559984] flags: 0x18800 /
   unique: 244, success, outsize: 32
unique: 246, opcode: GETATTR (3), nodeid: 1, insize: 56, pid: 3113
getattr[NULL] /
fsx492_getattr: /
   unique: 246, success, outsize: 120
unique: 248, opcode: READDIRPLUS (44), nodeid: 1, insize: 80, pid: 3113
readdirplus[94312680559984] from 0
fsx492_readdir: /
   unique: 248, success, outsize: 1504
unique: 250, opcode: READDIR (28), nodeid: 1, insize: 80, pid: 3113
   unique: 250, success, outsize: 16
unique: 252, opcode: READDIR (28), nodeid: 1, insize: 80, pid: 3113
   unique: 252, success, outsize: 16
unique: 254, opcode: RELEASEDIR (29), nodeid: 1, insize: 64, pid: 0
releasedir[94312680559984] flags: 0x0
fsx492_releasedir: /
   unique: 254, success, outsize: 16
unique: 256, opcode: OPENDIR (27), nodeid: 1, insize: 48, pid: 3113
opendir flags: 0x18800 /
fsx492_opendir: /
   opendir[94312680558768] flags: 0x18800 /
   unique: 256, success, outsize: 32
unique: 258, opcode: GETATTR (3), nodeid: 1, insize: 56, pid: 3113
getattr[NULL] /
fsx492_getattr: /
   unique: 258, success, outsize: 120
unique: 260, opcode: READDIRPLUS (44), nodeid: 1, insize: 80, pid: 3113
readdirplus[94312680558768] from 0
fsx492_readdir: /
   unique: 260, success, outsize: 1504
unique: 262, opcode: READDIR (28), nodeid: 1, insize: 80, pid: 3113
   unique: 262, success, outsize: 16
unique: 264, opcode: READDIR (28), nodeid: 1, insize: 80, pid: 3113
   unique: 264, success, outsize: 16
unique: 266, opcode: RELEASEDIR (29), nodeid: 1, insize: 64, pid: 0
releasedir[94312680558768] flags: 0x0
fsx492_releasedir: /
   unique: 266, success, outsize: 16
unique: 268, opcode: OPENDIR (27), nodeid: 1, insize: 48, pid: 3113
opendir flags: 0x18800 /
fsx492_opendir: /
   opendir[94312680559984] flags: 0x18800 /
   unique: 268, success, outsize: 32
unique: 270, opcode: GETATTR (3), nodeid: 1, insize: 56, pid: 3113
getattr[NULL] /
fsx492_getattr: /
   unique: 270, success, outsize: 120
unique: 272, opcode: READDIRPLUS (44), nodeid: 1, insize: 80, pid: 3113
readdirplus[94312680559984] from 0
fsx492_readdir: /
   unique: 272, success, outsize: 1504
unique: 274, opcode: READDIR (28), nodeid: 1, insize: 80, pid: 3113
   unique: 274, success, outsize: 16
unique: 276, opcode: READDIR (28), nodeid: 1, insize: 80, pid: 3113
   unique: 276, success, outsize: 16
unique: 278, opcode: RELEASEDIR (29), nodeid: 1, insize: 64, pid: 0
releasedir[94312680559984] flags: 0x0
fsx492_releasedir: /
   unique: 278, success, outsize: 16
unique: 280, opcode: OPENDIR (27), nodeid: 1, insize: 48, pid: 3113
opendir flags: 0x18800 /
fsx492_opendir: /
   opendir[94312680558768] flags: 0x18800 /
   unique: 280, success, outsize: 32
unique: 282, opcode: GETATTR (3), nodeid: 1, insize: 56, pid: 3113
getattr[NULL] /
fsx492_getattr: /
   unique: 282, success, outsize: 120
unique: 284, opcode: READDIRPLUS (44), nodeid: 1, insize: 80, pid: 3113
readdirplus[94312680558768] from 0
fsx492_readdir: /
   unique: 284, success, outsize: 1504
unique: 286, opcode: READDIR (28), nodeid: 1, insize: 80, pid: 3113
   unique: 286, success, outsize: 16
unique: 288, opcode: READDIR (28), nodeid: 1, insize: 80, pid: 3113
   unique: 288, success, outsize: 16
unique: 290, opcode: RELEASEDIR (29), nodeid: 1, insize: 64, pid: 0
releasedir[94312680558768] flags: 0x0
fsx492_releasedir: /
   unique: 290, success, outsize: 16
unique: 292, opcode: OPENDIR (27), nodeid: 1, insize: 48, pid: 3113
opendir flags: 0x18800 /
fsx492_opendir: /
   opendir[94312680559984] flags: 0x18800 /
   unique: 292, success, outsize: 32
unique: 294, opcode: GETATTR (3), nodeid: 1, insize: 56, pid: 3113
getattr[NULL] /
fsx492_getattr: /
   unique: 294, success, outsize: 120
unique: 296, opcode: READDIRPLUS (44), nodeid: 1, insize: 80, pid: 3113
readdirplus[94312680559984] from 0
fsx492_readdir: /
   unique: 296, success, outsize: 1504
unique: 298, opcode: READDIR (28), nodeid: 1, insize: 80, pid: 3113
   unique: 298, success, outsize: 16
unique: 300, opcode: READDIR (28), nodeid: 1, insize: 80, pid: 3113
   unique: 300, success, outsize: 16
unique: 302, opcode: RELEASEDIR (29), nodeid: 1, insize: 64, pid: 0
releasedir[94312680559984] flags: 0x0
fsx492_releasedir: /
   unique: 302, success, outsize: 16
unique: 304, opcode: OPENDIR (27), nodeid: 1, insize: 48, pid: 3113
opendir flags: 0x18800 /
fsx492_opendir: /
   opendir[94312680558768] flags: 0x18800 /
   unique: 304, success, outsize: 32
unique: 306, opcode: GETATTR (3), nodeid: 1, insize: 56, pid: 3113
getattr[NULL] /
fsx492_getattr: /
   unique: 306, success, outsize: 120
unique: 308, opcode: READDIRPLUS (44), nodeid: 1, insize: 80, pid: 3113
readdirplus[94312680558768] from 0
fsx492_readdir: /
   unique: 308, success, outsize: 1504
unique: 310, opcode: READDIR (28), nodeid: 1, insize: 80, pid: 3113
   unique: 310, success, outsize: 16
unique: 312, opcode: READDIR (28), nodeid: 1, insize: 80, pid: 3113
   unique: 312, success, outsize: 16
unique: 314, opcode: RELEASEDIR (29), nodeid: 1, insize: 64, pid: 0
releasedir[94312680558768] flags: 0x0
fsx492_releasedir: /
   unique: 314, success, outsize: 16
unique: 316, opcode: OPENDIR (27), nodeid: 1, insize: 48, pid: 3113
opendir flags: 0x18800 /
fsx492_opendir: /
   opendir[94312680559984] flags: 0x18800 /
   unique: 316, success, outsize: 32
unique: 318, opcode: GETATTR (3), nodeid: 1, insize: 56, pid: 3113
getattr[NULL] /
fsx492_getattr: /
   unique: 318, success, outsize: 120
unique: 320, opcode: READDIRPLUS (44), nodeid: 1, insize: 80, pid: 3113
readdirplus[94312680559984] from 0
fsx492_readdir: /
   unique: 320, success, outsize: 1504
unique: 322, opcode: READDIR (28), nodeid: 1, insize: 80, pid: 3113
   unique: 322, success, outsize: 16
unique: 324, opcode: READDIR (28), nodeid: 1, insize: 80, pid: 3113
   unique: 324, success, outsize: 16
unique: 326, opcode: RELEASEDIR (29), nodeid: 1, insize: 64, pid: 0
releasedir[94312680559984] flags: 0x0
fsx492_releasedir: /
   unique: 326, success, outsize: 16
unique: 328, opcode: OPENDIR (27), nodeid: 1, insize: 48, pid: 3113
opendir flags: 0x18800 /
fsx492_opendir: /
   opendir[94312680558768] flags: 0x18800 /
   unique: 328, success, outsize: 32
unique: 330, opcode: GETATTR (3), nodeid: 1, insize: 56, pid: 3113
getattr[NULL] /
fsx492_getattr: /
   unique: 330, success, outsize: 120
unique: 332, opcode: READDIRPLUS (44), nodeid: 1, insize: 80, pid: 3113
readdirplus[94312680558768] from 0
fsx492_readdir: /
   unique: 332, success, outsize: 1504
unique: 334, opcode: READDIR (28), nodeid: 1, insize: 80, pid: 3113
   unique: 334, success, outsize: 16
unique: 336, opcode: READDIR (28), nodeid: 1, insize: 80, pid: 3113
   unique: 336, success, outsize: 16
unique: 338, opcode: RELEASEDIR (29), nodeid: 1, insize: 64, pid: 0
releasedir[94312680558768] flags: 0x0
fsx492_releasedir: /
   unique: 338, success, outsize: 16
unique: 340, opcode: OPENDIR (27), nodeid: 1, insize: 48, pid: 14765
opendir flags: 0x18800 /
fsx492_opendir: /
   opendir[94312680559984] flags: 0x18800 /
   unique: 340, success, outsize: 32
unique: 342, opcode: GETATTR (3), nodeid: 1, insize: 56, pid: 14765
getattr[NULL] /
fsx492_getattr: /
   unique: 342, success, outsize: 120
unique: 344, opcode: READDIRPLUS (44), nodeid: 1, insize: 80, pid: 14764
readdirplus[94312680559984] from 0
fsx492_readdir: /
   unique: 344, success, outsize: 1504
unique: 346, opcode: READDIR (28), nodeid: 1, insize: 80, pid: 14764
   unique: 346, success, outsize: 16
unique: 348, opcode: READDIR (28), nodeid: 1, insize: 80, pid: 14764
   unique: 348, success, outsize: 16
unique: 350, opcode: RELEASEDIR (29), nodeid: 1, insize: 64, pid: 0
releasedir[94312680559984] flags: 0x0
fsx492_releasedir: /
   unique: 350, success, outsize: 16
unique: 352, opcode: LOOKUP (1), nodeid: 1, insize: 52, pid: 14765
LOOKUP /autorun.inf
getattr[NULL] /autorun.inf
fsx492_getattr: /autorun.inf
find_entry
   unique: 352, error: -2 (No such file or directory), outsize: 16
fsx492_destroy
writing dirty metadata to image...
freeing context...
closing disk...
fsx492 destroyed
